<?xml version="1.0" encoding="UTF-8"?>
<testng-results ignored="0" total="1" passed="0" failed="1" skipped="0">
  <reporter-output>
  </reporter-output>
  <suite started-at="2020-06-16T10:51:31Z" name="Default suite" finished-at="2020-06-16T10:55:38Z" duration-ms="246471">
    <groups>
    </groups>
    <test started-at="2020-06-16T10:51:31Z" name="Default test" finished-at="2020-06-16T10:55:38Z" duration-ms="246471">
      <class name="executionEngine.DriverScript">
        <test-method is-config="true" signature="DriverScriptS()[pri:0, instance:executionEngine.DriverScript@5ad851c9]" started-at="2020-06-16T10:51:31Z" name="DriverScriptS" finished-at="2020-06-16T10:51:31Z" duration-ms="190" status="PASS">
          <reporter-output>
          </reporter-output>
        </test-method> <!-- DriverScriptS -->
        <test-method signature="Rently()[pri:0, instance:executionEngine.DriverScript@5ad851c9]" started-at="2020-06-16T10:51:31Z" name="Rently" finished-at="2020-06-16T10:55:35Z" duration-ms="244037" status="FAIL">
          <exception class="java.lang.reflect.InvocationTargetException">
            <full-stacktrace>
              <![CDATA[java.lang.reflect.InvocationTargetException
at java.base/jdk.internal.reflect.NativeMethodAccessorImpl.invoke0(Native Method)
at java.base/jdk.internal.reflect.NativeMethodAccessorImpl.invoke(NativeMethodAccessorImpl.java:62)
at java.base/jdk.internal.reflect.DelegatingMethodAccessorImpl.invoke(DelegatingMethodAccessorImpl.java:43)
at java.base/java.lang.reflect.Method.invoke(Method.java:566)
at executionEngine.DriverScript.execute_Actions(DriverScript.java:309)
at executionEngine.DriverScript.execute_TestCase(DriverScript.java:254)
at executionEngine.DriverScript.Rently(DriverScript.java:104)
at java.base/jdk.internal.reflect.NativeMethodAccessorImpl.invoke0(Native Method)
at java.base/jdk.internal.reflect.NativeMethodAccessorImpl.invoke(NativeMethodAccessorImpl.java:62)
at java.base/jdk.internal.reflect.DelegatingMethodAccessorImpl.invoke(DelegatingMethodAccessorImpl.java:43)
at java.base/java.lang.reflect.Method.invoke(Method.java:566)
at org.testng.internal.MethodInvocationHelper.invokeMethod(MethodInvocationHelper.java:124)
at org.testng.internal.Invoker.invokeMethod(Invoker.java:583)
at org.testng.internal.Invoker.invokeTestMethod(Invoker.java:719)
at org.testng.internal.Invoker.invokeTestMethods(Invoker.java:989)
at org.testng.internal.TestMethodWorker.invokeTestMethods(TestMethodWorker.java:125)
at org.testng.internal.TestMethodWorker.run(TestMethodWorker.java:109)
at org.testng.TestRunner.privateRun(TestRunner.java:648)
at org.testng.TestRunner.run(TestRunner.java:505)
at org.testng.SuiteRunner.runTest(SuiteRunner.java:455)
at org.testng.SuiteRunner.runSequentially(SuiteRunner.java:450)
at org.testng.SuiteRunner.privateRun(SuiteRunner.java:415)
at org.testng.SuiteRunner.run(SuiteRunner.java:364)
at org.testng.SuiteRunnerWorker.runSuite(SuiteRunnerWorker.java:52)
at org.testng.SuiteRunnerWorker.run(SuiteRunnerWorker.java:84)
at org.testng.TestNG.runSuitesSequentially(TestNG.java:1208)
at org.testng.TestNG.runSuitesLocally(TestNG.java:1137)
at org.testng.TestNG.runSuites(TestNG.java:1049)
at org.testng.TestNG.run(TestNG.java:1017)
at org.testng.remote.AbstractRemoteTestNG.run(AbstractRemoteTestNG.java:115)
at org.testng.remote.RemoteTestNG.initAndRun(RemoteTestNG.java:251)
at org.testng.remote.RemoteTestNG.main(RemoteTestNG.java:77)
Caused by: java.io.IOException: Destination '/Screenshot' directory cannot be created
at org.apache.commons.io.FileUtils.copyFile(FileUtils.java:1085)
at org.apache.commons.io.FileUtils.copyFile(FileUtils.java:1038)
at executionEngine.DriverScript.capture(DriverScript.java:386)
at browserFactory.ReusableLibrary.EnterText(ReusableLibrary.java:94)
at pages.FreemiumSignup.Signup(FreemiumSignup.java:38)
at config.ActionKeywords.signup(ActionKeywords.java:193)
... 32 more
]]>
            </full-stacktrace>
          </exception> <!-- java.lang.reflect.InvocationTargetException -->
          <reporter-output>
          </reporter-output>
        </test-method> <!-- Rently -->
        <test-method is-config="true" signature="tearDown(org.testng.ITestResult)[pri:0, instance:executionEngine.DriverScript@5ad851c9]" started-at="2020-06-16T10:55:35Z" name="tearDown" finished-at="2020-06-16T10:55:38Z" duration-ms="2177" status="PASS">
          <params>
            <param index="0">
              <value>
                <![CDATA[[TestResult name=Rently status=FAILURE method=DriverScript.Rently()[pri:0, instance:executionEngine.DriverScript@5ad851c9] output={null}]]]>
              </value>
            </param>
          </params>
          <reporter-output>
          </reporter-output>
        </test-method> <!-- tearDown -->
      </class> <!-- executionEngine.DriverScript -->
    </test> <!-- Default test -->
  </suite> <!-- Default suite -->
</testng-results>
